\BOOKMARK [0][-]{chapter.1}{Introduction}{}% 1
\BOOKMARK [0][-]{chapter.2}{Background}{}% 2
\BOOKMARK [1][-]{section.2.1}{Back-end Targets}{chapter.2}% 3
\BOOKMARK [1][-]{section.2.2}{What is LLVM ?}{chapter.2}% 4
\BOOKMARK [2][-]{subsection.2.2.1}{Representation}{section.2.2}% 5
\BOOKMARK [2][-]{subsection.2.2.2}{SSA - Static Single Assignment}{section.2.2}% 6
\BOOKMARK [2][-]{subsection.2.2.3}{Types}{section.2.2}% 7
\BOOKMARK [2][-]{subsection.2.2.4}{Instructions}{section.2.2}% 8
\BOOKMARK [1][-]{section.2.3}{Optimization of LLVM IR}{chapter.2}% 9
\BOOKMARK [1][-]{section.2.4}{Related Work}{chapter.2}% 10
\BOOKMARK [0][-]{chapter.3}{Capturing LLVM AST }{}% 11
\BOOKMARK [0][-]{chapter.4}{LLVM AST Into LLVM Binary Executables}{}% 12
\BOOKMARK [1][-]{section.4.1}{Why this??}{chapter.4}% 13
\BOOKMARK [1][-]{section.4.2}{Work to do}{chapter.4}% 14
\BOOKMARK [2][-]{subsection.4.2.1}{In SML}{section.4.2}% 15
\BOOKMARK [2][-]{subsection.4.2.2}{In C}{section.4.2}% 16
\BOOKMARK [1][-]{section.4.3}{Commands to Run}{chapter.4}% 17
\BOOKMARK [1][-]{section.4.4}{Verification}{chapter.4}% 18
\BOOKMARK [2][-]{subsection.4.4.1}{Commands to verify}{section.4.4}% 19
\BOOKMARK [0][-]{chapter.5}{LLVM AST INTO LLVM IR}{}% 20
\BOOKMARK [1][-]{section.5.1}{Introduction}{chapter.5}% 21
\BOOKMARK [1][-]{section.5.2}{Tasks to do}{chapter.5}% 22
\BOOKMARK [1][-]{section.5.3}{Commands To Run}{chapter.5}% 23
\BOOKMARK [1][-]{section.5.4}{Verification}{chapter.5}% 24
\BOOKMARK [0][-]{chapter.6}{Conclusion}{}% 25
\BOOKMARK [0][-]{chapter.7}{Future Work}{}% 26
